<?xml version="1.0" encoding="UTF-8"?>
<!-- Generated by org.testng.reporters.JUnitXMLReporter -->
<testsuite ignored="4" hostname="Dev-AjmalSyed" failures="0" tests="3" name="Option Sell Position Subscriptions" time="3.53" errors="0" timestamp="2023-12-27T20:45:58 PKT">
  <testcase classname="IdentityServer_API_User.Login" name="UserLogin" time="1.454"/>
  <testcase classname="Subscriptions.Flat_Positions" name="Verify_Flat_Option_Positions" time="0.716"/>
  <testcase classname="Subscriptions.Flat_Positions" name="Verify_Flat_Option_Positions" time="0.717"/>
  <testcase classname="Subscriptions.Flat_Positions" name="Verify_Flat_Equity_Positions" time="0.0">
    <ignored/>
  </testcase> <!-- Verify_Flat_Equity_Positions -->
  <testcase classname="Subscriptions.Option_Positions_Subscribe" name="Verify_SubscribeSELLOption_Positionss" time="0.0">
    <ignored/>
  </testcase> <!-- Verify_SubscribeSELLOption_Positionss -->
  <testcase classname="Subscriptions.Option_Positions_Subscribe" name="Verify_Subscribe_SHORTOption_Position" time="0.0">
    <ignored/>
  </testcase> <!-- Verify_Subscribe_SHORTOption_Position -->
  <testcase classname="Subscriptions.Option_Positions_Subscribe" name="Verify_Subscribe_BUY_Option_Positions" time="0.0">
    <ignored/>
  </testcase> <!-- Verify_Subscribe_BUY_Option_Positions -->
</testsuite> <!-- Option Sell Position Subscriptions -->
