<?xml version="1.0" encoding="UTF-8"?>
<!-- Generated by org.testng.reporters.JUnitXMLReporter -->
<testsuite ignored="3" hostname="Dev-AjmalSyed" failures="0" tests="4" name="Option ShortSell Position Subscriptions" time="36.992" errors="0" timestamp="2023-12-27T20:46:35 PKT">
  <testcase classname="IdentityServer_API_User.Login" name="UserLogin" time="1.416"/>
  <testcase classname="Subscriptions.Flat_Positions" name="Verify_Flat_Option_Positions" time="0.703"/>
  <testcase classname="Subscriptions.Flat_Positions" name="Verify_Flat_Option_Positions" time="0.72"/>
  <testcase classname="Subscriptions.Option_Positions_Subscribe" name="Verify_Subscribe_SHORTOption_Position" time="31.425"/>
  <testcase classname="Subscriptions.Option_Positions_Subscribe" name="Verify_SubscribeSELLOption_Positionss" time="0.0">
    <ignored/>
  </testcase> <!-- Verify_SubscribeSELLOption_Positionss -->
  <testcase classname="Subscriptions.Option_Positions_Subscribe" name="Verify_Subscribe_BUY_Option_Positions" time="0.0">
    <ignored/>
  </testcase> <!-- Verify_Subscribe_BUY_Option_Positions -->
  <testcase classname="Subscriptions.Flat_Positions" name="Verify_Flat_Equity_Positions" time="0.0">
    <ignored/>
  </testcase> <!-- Verify_Flat_Equity_Positions -->
</testsuite> <!-- Option ShortSell Position Subscriptions -->
