<?xml version="1.0" encoding="UTF-8"?>
<!-- Generated by org.testng.reporters.JUnitXMLReporter -->
<testsuite ignored="0" hostname="Dev-AjmalSyed" failures="0" tests="2" name="Option Position UnSubscribe" time="2.236" errors="0" timestamp="2023-12-27T20:46:37 PKT">
  <testcase classname="IdentityServer_API_User.Login" name="UserLogin" time="1.357"/>
  <testcase classname="Subscriptions.Option_Positions_UnSubscribe" name="Verify_UnSubscribe_Option_Positions" time="0.598"/>
</testsuite> <!-- Option Position UnSubscribe -->
