<?xml version="1.0" encoding="UTF-8"?>
<!-- Generated by org.testng.reporters.JUnitXMLReporter -->
<testsuite ignored="0" hostname="Dev-AjmalSyed" failures="0" tests="9" name="Locates APIs Test" time="20.565" errors="0" timestamp="2024-01-08T17:45:39 PKT">
  <testcase classname="IdentityServer_API_User.Login" name="UserLogin" time="3.0"/>
  <testcase classname="LocatesAPI.Locates" name="Verify_Post_Locates" time="0.631"/>
  <testcase classname="LocatesAPI.Subscribe_Locates" name="Verify_Subscribe_Locates" time="0.752"/>
  <testcase classname="LocatesAPI.Locates_Acquire" name="Verify_Locates_Acquire" time="10.61"/>
  <testcase classname="LocatesAPI.Summary_Available_Subscribe" name="Verify_Summary_Locate_Subscribe" time="0.673"/>
  <testcase classname="LocatesAPI.Summary_Available_UnSubscribe" name="Verify_Summary_Available_UnSubscribe" time="0.585"/>
  <testcase classname="LocatesAPI.Summary_Locate_Subscribe" name="Verify_Summary_Locate_Subscribe" time="0.608"/>
  <testcase classname="LocatesAPI.Summary_Locate_UnSubscribe" name="Verify_Summary_Locate_UnSubscribe" time="0.589"/>
  <testcase classname="LocatesAPI.UnSubscribe_Locates" name="Verify_UnSubscribe_Locates" time="0.585"/>
</testsuite> <!-- Locates APIs Test -->
