<?xml version="1.0" encoding="UTF-8"?>
<!-- Generated by org.testng.reporters.JUnitXMLReporter -->
<testsuite ignored="0" hostname="Dev-AjmalSyed" failures="0" tests="2" name="Subscribe AccountBalance" time="4.922" errors="0" timestamp="2024-01-08T17:47:07 PKT">
  <testcase classname="IdentityServer_API_User.Login" name="UserLogin" time="2.893"/>
  <testcase classname="Account_Balances.Subscribe_AccountBalance" name="Verify_Subscribe_AccountBalance" time="0.624"/>
</testsuite> <!-- Subscribe AccountBalance -->
