<?xml version="1.0" encoding="UTF-8"?>
<!-- Generated by org.testng.reporters.JUnitXMLReporter -->
<testsuite ignored="0" hostname="Dev-AjmalSyed" failures="0" tests="2" name="UnSubscribe AccountBalance" time="2.322" errors="0" timestamp="2024-01-08T17:47:09 PKT">
  <testcase classname="IdentityServer_API_User.Login" name="UserLogin" time="1.39"/>
  <testcase classname="Account_Balances.UnSubscribe_AccountBalance" name="Verify_UnSubscribe_AccountBalance" time="0.58"/>
</testsuite> <!-- UnSubscribe AccountBalance -->
