<?xml version="1.0" encoding="UTF-8"?>
<!-- Generated by org.testng.reporters.JUnitXMLReporter -->
<testsuite ignored="0" hostname="Dev-AjmalSyed" failures="0" tests="2" name="Update User Status  API" time="2.603" errors="0" timestamp="2023-12-26T15:12:19 PKT">
  <testcase classname="IdentityServer_API_Admin.UpdateUserStatus" name="Verify_Update_User_Status" time="1.181"/>
  <testcase classname="IdentityServer_API_Admin.UpdateUserStatus" name="Verify_Update_User_Status" time="1.188"/>
</testsuite> <!-- Update User Status  API -->
