<?xml version="1.0" encoding="UTF-8"?>
<!-- Generated by org.testng.reporters.JUnitXMLReporter -->
<testsuite ignored="0" hostname="Dev-AjmalSyed" failures="0" tests="2" name="Update User Info  API" time="8.978" errors="0" timestamp="2023-12-26T15:12:28 PKT">
  <testcase classname="IdentityServer_API_Admin.UpdateUserInfo" name="Verify_Update_User_Info" time="4.443"/>
  <testcase classname="IdentityServer_API_Admin.UpdateUserInfo" name="Verify_Update_User_Info" time="4.274"/>
</testsuite> <!-- Update User Info  API -->
