<?xml version="1.0" encoding="UTF-8"?>
<!-- Generated by org.testng.reporters.JUnitXMLReporter -->
<testsuite ignored="0" hostname="Dev-AjmalSyed" failures="0" tests="12" name="User Registeration API" time="167.515" errors="0" timestamp="2023-12-26T15:12:15 PKT">
  <testcase classname="IdentityServer_API_Admin.UserRegister" name="Verify_User_Registeration" time="67.495"/>
  <testcase classname="IdentityServer_API_Admin.UserRegister" name="Verify_User_Registeration" time="3.706"/>
  <testcase classname="IdentityServer_API_Admin.UserRegister" name="Verify_User_Registeration" time="3.849"/>
  <testcase classname="IdentityServer_API_Admin.UserRegister" name="Verify_User_Registeration" time="3.546"/>
  <testcase classname="IdentityServer_API_Admin.UserRegister" name="Verify_User_Registeration" time="3.553"/>
  <testcase classname="IdentityServer_API_Admin.UserRegister" name="Verify_User_Registeration" time="3.531"/>
  <testcase classname="IdentityServer_API_Admin.UserRegister" name="Verify_User_Registeration" time="60.677"/>
  <testcase classname="IdentityServer_API_Admin.UserRegister" name="Verify_User_Registeration" time="3.863"/>
  <testcase classname="IdentityServer_API_Admin.UserRegister" name="Verify_User_Registeration" time="3.519"/>
  <testcase classname="IdentityServer_API_Admin.UserRegister" name="Verify_User_Registeration" time="3.526"/>
  <testcase classname="IdentityServer_API_Admin.UserRegister" name="Verify_User_Registeration" time="3.534"/>
  <testcase classname="IdentityServer_API_Admin.UserRegister" name="Verify_User_Registeration" time="3.502"/>
</testsuite> <!-- User Registeration API -->
