<?xml version="1.0" encoding="UTF-8"?>
<!-- Generated by org.testng.reporters.JUnitXMLReporter -->
<testsuite ignored="0" hostname="Dev-AjmalSyed" failures="0" tests="12" name="User Registeration" time="92.302" errors="0" timestamp="2023-12-22T15:51:17 PKT">
  <testcase classname="IdentityServer_API_Admin.UserRegister" name="Verify_User_Registeration" time="4.017"/>
  <testcase classname="IdentityServer_API_Admin.UserRegister" name="Verify_User_Registeration" time="5.491"/>
  <testcase classname="IdentityServer_API_Admin.UserRegister" name="Verify_User_Registeration" time="2.941"/>
  <testcase classname="IdentityServer_API_Admin.UserRegister" name="Verify_User_Registeration" time="5.111"/>
  <testcase classname="IdentityServer_API_Admin.UserRegister" name="Verify_User_Registeration" time="5.046"/>
  <testcase classname="IdentityServer_API_Admin.UserRegister" name="Verify_User_Registeration" time="3.072"/>
  <testcase classname="IdentityServer_API_Admin.UserRegister" name="Verify_User_Registeration" time="18.99"/>
  <testcase classname="IdentityServer_API_Admin.UserRegister" name="Verify_User_Registeration" time="14.952"/>
  <testcase classname="IdentityServer_API_Admin.UserRegister" name="Verify_User_Registeration" time="17.112"/>
  <testcase classname="IdentityServer_API_Admin.UserRegister" name="Verify_User_Registeration" time="5.637"/>
  <testcase classname="IdentityServer_API_Admin.UserRegister" name="Verify_User_Registeration" time="3.836"/>
  <testcase classname="IdentityServer_API_Admin.UserRegister" name="Verify_User_Registeration" time="3.026"/>
</testsuite> <!-- User Registeration -->
