<?xml version="1.0" encoding="UTF-8"?>
<!-- Generated by org.testng.reporters.JUnitXMLReporter -->
<testsuite ignored="0" hostname="Dev-AjmalSyed" failures="0" tests="5" name="Option MarketData Subscribe Bulk" time="59.371" errors="0" timestamp="2024-01-03T20:45:58 PKT">
  <testcase classname="IdentityServer_API_User.Login" name="UserLogin" time="1.394"/>
  <testcase classname="MarketData_OPT_L1.Opt_Subscribe_Bulk" name="Verify_Subscribe_Bulk" time="2.464"/>
  <testcase classname="MarketData_OPT_L1.Opt_Subscribe_Bulk" name="Verify_Subscribe_Bulk" time="11.253"/>
  <testcase classname="MarketData_OPT_L1.Opt_Subscribe_Bulk" name="Verify_Subscribe_Bulk" time="3.758"/>
  <testcase classname="MarketData_OPT_L1.Opt_Subscribe_Bulk" name="Verify_Subscribe_Bulk" time="39.656"/>
</testsuite> <!-- Option MarketData Subscribe Bulk -->
