<?xml version="1.0" encoding="UTF-8"?>
<!-- Generated by org.testng.reporters.JUnitXMLReporter -->
<testsuite ignored="0" hostname="Dev-AjmalSyed" failures="0" tests="5" name="Option MarketData UnSubscribe Bulk With NoSnapshot" time="62.041" errors="0" timestamp="2024-01-02T21:05:43 PKT">
  <testcase classname="IdentityServer_API_User.Login" name="UserLogin" time="1.427"/>
  <testcase classname="MarketData_OPT_L1.Opt_UnSubscribe_Bulk_NoSnapshot" name="Verify_UnSubscribe_Bulk_NoSnapshot" time="3.091"/>
  <testcase classname="MarketData_OPT_L1.Opt_UnSubscribe_Bulk_NoSnapshot" name="Verify_UnSubscribe_Bulk_NoSnapshot" time="11.56"/>
  <testcase classname="MarketData_OPT_L1.Opt_UnSubscribe_Bulk_NoSnapshot" name="Verify_UnSubscribe_Bulk_NoSnapshot" time="5.658"/>
  <testcase classname="MarketData_OPT_L1.Opt_UnSubscribe_Bulk_NoSnapshot" name="Verify_UnSubscribe_Bulk_NoSnapshot" time="39.376"/>
</testsuite> <!-- Option MarketData UnSubscribe Bulk With NoSnapshot -->
