<?xml version="1.0" encoding="UTF-8"?>
<!-- Generated by org.testng.reporters.JUnitXMLReporter -->
<testsuite ignored="0" hostname="Dev-AjmalSyed" failures="0" tests="5" name="Option MarketData Subscribe Individual" time="12.101" errors="0" timestamp="2024-01-03T20:44:45 PKT">
  <testcase classname="IdentityServer_API_User.Login" name="UserLogin" time="1.563"/>
  <testcase classname="MarketData_OPT_L1.Opt_Subscribe" name="Verify_Subscribe_Individual" time="1.893"/>
  <testcase classname="MarketData_OPT_L1.Opt_Subscribe" name="Verify_Subscribe_Individual" time="1.668"/>
  <testcase classname="MarketData_OPT_L1.Opt_Subscribe" name="Verify_Subscribe_Individual" time="2.894"/>
  <testcase classname="MarketData_OPT_L1.Opt_Subscribe" name="Verify_Subscribe_Individual" time="3.1"/>
</testsuite> <!-- Option MarketData Subscribe Individual -->
