<?xml version="1.0" encoding="UTF-8"?>
<!-- Generated by org.testng.reporters.JUnitXMLReporter -->
<testsuite ignored="0" hostname="Dev-AjmalSyed" failures="0" tests="5" name="Option MarketData Subscribe Bulk With NoSnapshot" time="55.502" errors="0" timestamp="2024-01-03T20:48:52 PKT">
  <testcase classname="IdentityServer_API_User.Login" name="UserLogin" time="1.376"/>
  <testcase classname="MarketData_OPT_L1.Opt_Subscribe_Bulk_NoSnapshot" name="Verify_Subscribe_Bulk_NoSnapshot" time="3.281"/>
  <testcase classname="MarketData_OPT_L1.Opt_Subscribe_Bulk_NoSnapshot" name="Verify_Subscribe_Bulk_NoSnapshot" time="9.3"/>
  <testcase classname="MarketData_OPT_L1.Opt_Subscribe_Bulk_NoSnapshot" name="Verify_Subscribe_Bulk_NoSnapshot" time="4.67"/>
  <testcase classname="MarketData_OPT_L1.Opt_Subscribe_Bulk_NoSnapshot" name="Verify_Subscribe_Bulk_NoSnapshot" time="36.144"/>
</testsuite> <!-- Option MarketData Subscribe Bulk With NoSnapshot -->
