<?xml version="1.0" encoding="UTF-8"?>
<!-- Generated by org.testng.reporters.JUnitXMLReporter -->
<testsuite ignored="0" hostname="Dev-AjmalSyed" failures="0" tests="6" name="Option MarketData Topics" time="11.566" errors="0" timestamp="2024-01-03T20:44:33 PKT">
  <testcase classname="IdentityServer_API_User.Login" name="UserLogin" time="2.861"/>
  <testcase classname="MarketData_OPT_L1.Opt_Topic" name="Verify_Get_Topic" time="1.219"/>
  <testcase classname="MarketData_OPT_L1.Opt_Topic" name="Verify_Get_Topic" time="0.778"/>
  <testcase classname="MarketData_OPT_L1.Opt_Topic" name="Verify_Get_Topic" time="2.087"/>
  <testcase classname="MarketData_OPT_L1.Opt_Topic" name="Verify_Get_Topic" time="1.764"/>
  <testcase classname="MarketData_OPT_L1.Opt_Topic" name="Verify_Get_Topic" time="0.879"/>
</testsuite> <!-- Option MarketData Topics -->
