<?xml version="1.0" encoding="UTF-8"?>
<!-- Generated by org.testng.reporters.JUnitXMLReporter -->
<testsuite ignored="0" hostname="Dev-AjmalSyed" failures="0" tests="9" name="Option MarketData UnSubscribe Bulk Through CompanySymbol" time="60.567" errors="0" timestamp="2024-01-03T20:47:56 PKT">
  <testcase classname="IdentityServer_API_User.Login" name="UserLogin" time="1.346"/>
  <testcase classname="MarketData_OPT_L1.Opt_Subscribe_Bulk" name="Verify_Subscribe_Bulk" time="2.332"/>
  <testcase classname="MarketData_OPT_L1.Opt_Subscribe_Bulk" name="Verify_Subscribe_Bulk" time="9.158"/>
  <testcase classname="MarketData_OPT_L1.Opt_Subscribe_Bulk" name="Verify_Subscribe_Bulk" time="5.532"/>
  <testcase classname="MarketData_OPT_L1.Opt_Subscribe_Bulk" name="Verify_Subscribe_Bulk" time="38.754"/>
  <testcase classname="MarketData_OPT_L1.Opt_UnSubscribe_Bulk_Symbols" name="Verify_UnSubscribe_Bulk_CompanySymbol" time="0.587"/>
  <testcase classname="MarketData_OPT_L1.Opt_UnSubscribe_Bulk_Symbols" name="Verify_UnSubscribe_Bulk_CompanySymbol" time="0.585"/>
  <testcase classname="MarketData_OPT_L1.Opt_UnSubscribe_Bulk_Symbols" name="Verify_UnSubscribe_Bulk_CompanySymbol" time="0.586"/>
  <testcase classname="MarketData_OPT_L1.Opt_UnSubscribe_Bulk_Symbols" name="Verify_UnSubscribe_Bulk_CompanySymbol" time="0.636"/>
</testsuite> <!-- Option MarketData UnSubscribe Bulk Through CompanySymbol -->
