<?xml version="1.0" encoding="UTF-8"?>
<!-- Generated by org.testng.reporters.JUnitXMLReporter -->
<testsuite ignored="0" hostname="Dev-AjmalSyed" failures="0" tests="5" name="Option MarketData UnSubscribe Bulk" time="56.971" errors="0" timestamp="2024-01-03T20:46:55 PKT">
  <testcase classname="IdentityServer_API_User.Login" name="UserLogin" time="1.443"/>
  <testcase classname="MarketData_OPT_L1.Opt_UnSubscribe_Bulk" name="Verify_UnSubscribe_Bulk" time="2.624"/>
  <testcase classname="MarketData_OPT_L1.Opt_UnSubscribe_Bulk" name="Verify_UnSubscribe_Bulk" time="8.226"/>
  <testcase classname="MarketData_OPT_L1.Opt_UnSubscribe_Bulk" name="Verify_UnSubscribe_Bulk" time="4.853"/>
  <testcase classname="MarketData_OPT_L1.Opt_UnSubscribe_Bulk" name="Verify_UnSubscribe_Bulk" time="38.893"/>
</testsuite> <!-- Option MarketData UnSubscribe Bulk -->
