<?xml version="1.0" encoding="UTF-8"?>
<!-- Generated by org.testng.reporters.JUnitXMLReporter -->
<testsuite ignored="0" hostname="Dev-AjmalSyed" failures="0" tests="5" name="Option MarketData UnSubscribe Individual" time="13.837" errors="0" timestamp="2024-01-03T20:44:59 PKT">
  <testcase classname="IdentityServer_API_User.Login" name="UserLogin" time="1.578"/>
  <testcase classname="MarketData_OPT_L1.Opt_UnSubscribe" name="Verify_UnSubscribe_Individual" time="2.393"/>
  <testcase classname="MarketData_OPT_L1.Opt_UnSubscribe" name="Verify_UnSubscribe_Individual" time="2.172"/>
  <testcase classname="MarketData_OPT_L1.Opt_UnSubscribe" name="Verify_UnSubscribe_Individual" time="3.747"/>
  <testcase classname="MarketData_OPT_L1.Opt_UnSubscribe" name="Verify_UnSubscribe_Individual" time="2.986"/>
</testsuite> <!-- Option MarketData UnSubscribe Individual -->
