<?xml version="1.0" encoding="UTF-8"?>
<!-- Generated by org.testng.reporters.JUnitXMLReporter -->
<testsuite ignored="4" hostname="Dev-AjmalSyed" failures="0" tests="3" name="EquityOrder Sell Order Executions Subscriptions" time="20.205" errors="0" timestamp="2023-12-27T17:07:11 PKT">
  <testcase classname="IdentityServer_API_User.Login" name="UserLogin" time="1.368"/>
  <testcase classname="Orders.Filled_Orders" name="Verify_SELL_Equity_Order_Filled_Creation" time="1.175"/>
  <testcase classname="Subscriptions.Order_Executions_Subscribe" name="Verify_SubscribeSELLExecutions" time="16.434"/>
  <testcase classname="Subscriptions.Order_Executions_Subscribe" name="Verify_SubscribeBUYExecutions" time="0.0">
    <ignored/>
  </testcase> <!-- Verify_SubscribeBUYExecutions -->
  <testcase classname="Orders.Filled_Orders" name="Verify_SHORTSELL_EquityOrder_Filled_Creation" time="0.0">
    <ignored/>
  </testcase> <!-- Verify_SHORTSELL_EquityOrder_Filled_Creation -->
  <testcase classname="Orders.Filled_Orders" name="Verify_BUY_Equity_Order_Filled_Creation" time="0.0">
    <ignored/>
  </testcase> <!-- Verify_BUY_Equity_Order_Filled_Creation -->
  <testcase classname="Subscriptions.Order_Executions_Subscribe" name="Verify_SubscribeSHORTSELL_Executions" time="0.0">
    <ignored/>
  </testcase> <!-- Verify_SubscribeSHORTSELL_Executions -->
</testsuite> <!-- EquityOrder Sell Order Executions Subscriptions -->
