<?xml version="1.0" encoding="UTF-8"?>
<!-- Generated by org.testng.reporters.JUnitXMLReporter -->
<testsuite ignored="4" hostname="Dev-AjmalSyed" failures="0" tests="3" name="EquityOrder ShortSell Order Executions Subscriptions" time="17.568" errors="0" timestamp="2023-12-27T17:07:28 PKT">
  <testcase classname="IdentityServer_API_User.Login" name="UserLogin" time="1.38"/>
  <testcase classname="Orders.Filled_Orders" name="Verify_SHORTSELL_EquityOrder_Filled_Creation" time="0.586"/>
  <testcase classname="Subscriptions.Order_Executions_Subscribe" name="Verify_SubscribeSHORTSELL_Executions" time="14.731"/>
  <testcase classname="Orders.Filled_Orders" name="Verify_SELL_Equity_Order_Filled_Creation" time="0.0">
    <ignored/>
  </testcase> <!-- Verify_SELL_Equity_Order_Filled_Creation -->
  <testcase classname="Subscriptions.Order_Executions_Subscribe" name="Verify_SubscribeSELLExecutions" time="0.0">
    <ignored/>
  </testcase> <!-- Verify_SubscribeSELLExecutions -->
  <testcase classname="Subscriptions.Order_Executions_Subscribe" name="Verify_SubscribeBUYExecutions" time="0.0">
    <ignored/>
  </testcase> <!-- Verify_SubscribeBUYExecutions -->
  <testcase classname="Orders.Filled_Orders" name="Verify_BUY_Equity_Order_Filled_Creation" time="0.0">
    <ignored/>
  </testcase> <!-- Verify_BUY_Equity_Order_Filled_Creation -->
</testsuite> <!-- EquityOrder ShortSell Order Executions Subscriptions -->
