<?xml version="1.0" encoding="UTF-8"?>
<!-- Generated by org.testng.reporters.JUnitXMLReporter -->
<testsuite ignored="0" hostname="Dev-AjmalSyed" failures="0" tests="2" name="Equity Executions UnSubscribe" time="2.158" errors="0" timestamp="2023-12-27T17:07:30 PKT">
  <testcase classname="IdentityServer_API_User.Login" name="UserLogin" time="1.37"/>
  <testcase classname="Subscriptions.Order_Executions_UnSubscribe" name="Verify_UnSubscribe_Executions" time="0.585"/>
</testsuite> <!-- Equity Executions UnSubscribe -->
