<?xml version="1.0" encoding="UTF-8"?>
<!-- Generated by org.testng.reporters.JUnitXMLReporter -->
<testsuite ignored="4" hostname="Dev-AjmalSyed" failures="0" tests="3" name="OptionOrder Active-Open Creation" time="7.342" errors="0" timestamp="2023-12-27T20:27:02 PKT">
  <testcase classname="IdentityServer_API_User.Login" name="UserLogin" time="2.93"/>
  <testcase classname="OptionOrders.Create_OptionOrder" name="Verify_Order_Creation_Active_Open_Status" time="0.813"/>
  <testcase classname="Subscriptions.Option_Order_Subscribe" name="Verify_SubscribeActiveOptionOrder" time="1.022"/>
  <testcase classname="Subscriptions.Option_Order_Subscribe" name="Verify_Subscribe_BUYFilledOptionOrder" time="0.0">
    <ignored/>
  </testcase> <!-- Verify_Subscribe_BUYFilledOptionOrder -->
  <testcase classname="OptionOrders.Create_OptionOrder" name="Verify_Order_Creation_Rejected_Status" time="0.0">
    <ignored/>
  </testcase> <!-- Verify_Order_Creation_Rejected_Status -->
  <testcase classname="Subscriptions.Option_Order_Subscribe" name="Verify_SubscribeRejectedOptionOrder" time="0.0">
    <ignored/>
  </testcase> <!-- Verify_SubscribeRejectedOptionOrder -->
  <testcase classname="Subscriptions.Option_Order_Subscribe" name="Verify_Subscribe_SELLFilledOptionOrder" time="0.0">
    <ignored/>
  </testcase> <!-- Verify_Subscribe_SELLFilledOptionOrder -->
</testsuite> <!-- OptionOrder Active-Open Creation -->
