<?xml version="1.0" encoding="UTF-8"?>
<!-- Generated by org.testng.reporters.JUnitXMLReporter -->
<testsuite ignored="0" hostname="Dev-AjmalSyed" failures="0" tests="4" name="Update-Delete-Cancel OptionOrder" time="12.073" errors="0" timestamp="2023-12-27T20:27:14 PKT">
  <testcase classname="IdentityServer_API_User.Login" name="UserLogin" time="1.468"/>
  <testcase classname="OptionOrders.Update_OptionOrder" name="Verify_Update_Option_Order" time="2.733"/>
  <testcase classname="OptionOrders.Cancel_OptionOrder" name="Verify_Cancel_Option_Order" time="2.791"/>
  <testcase classname="OptionOrders.Delete_OptionOrder" name="Verify_Delete_Option_Order" time="3.653"/>
</testsuite> <!-- Update-Delete-Cancel OptionOrder -->
