<?xml version="1.0" encoding="UTF-8"?>
<!-- Generated by org.testng.reporters.JUnitXMLReporter -->
<testsuite ignored="3" hostname="Dev-AjmalSyed" failures="0" tests="8" name="Equity Buy Order Position Subscriptions" time="38.697" errors="0" timestamp="2023-12-27T17:18:15 PKT">
  <testcase classname="IdentityServer_API_User.Login" name="UserLogin" time="4.352"/>
  <testcase classname="Subscriptions.Flat_Positions" name="Verify_Flat_Equity_Positions" time="2.402"/>
  <testcase classname="Subscriptions.Flat_Positions" name="Verify_Flat_Equity_Positions" time="0.838"/>
  <testcase classname="Subscriptions.Flat_Positions" name="Verify_Flat_Equity_Positions" time="0.734"/>
  <testcase classname="Subscriptions.Flat_Positions" name="Verify_Flat_Equity_Positions" time="0.725"/>
  <testcase classname="Subscriptions.Flat_Positions" name="Verify_Flat_Equity_Positions" time="2.002"/>
  <testcase classname="Subscriptions.Flat_Positions" name="Verify_Flat_Equity_Positions" time="0.715"/>
  <testcase classname="Subscriptions.Order_Positions_Subscribe" name="Verify_Subscribe_BUY_Order_Positions" time="23.582"/>
  <testcase classname="Subscriptions.Flat_Positions" name="Verify_Flat_Option_Positions" time="0.0">
    <ignored/>
  </testcase> <!-- Verify_Flat_Option_Positions -->
  <testcase classname="Subscriptions.Order_Positions_Subscribe" name="Verify_Subscribe_SELL_Order_Positions" time="0.0">
    <ignored/>
  </testcase> <!-- Verify_Subscribe_SELL_Order_Positions -->
  <testcase classname="Subscriptions.Order_Positions_Subscribe" name="Verify_Subscribe_SHORTSELL_Order_Positions" time="0.0">
    <ignored/>
  </testcase> <!-- Verify_Subscribe_SHORTSELL_Order_Positions -->
</testsuite> <!-- Equity Buy Order Position Subscriptions -->
