<?xml version="1.0" encoding="UTF-8"?>
<!-- Generated by org.testng.reporters.JUnitXMLReporter -->
<testsuite ignored="0" hostname="Dev-AjmalSyed" failures="0" tests="2" name="Equity Position UnSubscribe" time="5.395" errors="0" timestamp="2023-12-27T17:46:47 PKT">
  <testcase classname="IdentityServer_API_User.Login" name="UserLogin" time="3.248"/>
  <testcase classname="Subscriptions.Order_Positions_UnSubscribe" name="Verify_UnSubscribe_Order_Positions" time="0.636"/>
</testsuite> <!-- Equity Position UnSubscribe -->
