<?xml version="1.0" encoding="UTF-8"?>
<!-- Generated by org.testng.reporters.JUnitXMLReporter -->
<testsuite ignored="3" hostname="Dev-AjmalSyed" failures="0" tests="8" name="Equity ShortSell Order Position Subscriptions" time="47.997" errors="0" timestamp="2023-12-27T17:19:35 PKT">
  <testcase classname="IdentityServer_API_User.Login" name="UserLogin" time="1.349"/>
  <testcase classname="Subscriptions.Flat_Positions" name="Verify_Flat_Equity_Positions" time="0.713"/>
  <testcase classname="Subscriptions.Flat_Positions" name="Verify_Flat_Equity_Positions" time="3.501"/>
  <testcase classname="Subscriptions.Flat_Positions" name="Verify_Flat_Equity_Positions" time="1.72"/>
  <testcase classname="Subscriptions.Flat_Positions" name="Verify_Flat_Equity_Positions" time="0.626"/>
  <testcase classname="Subscriptions.Flat_Positions" name="Verify_Flat_Equity_Positions" time="2.387"/>
  <testcase classname="Subscriptions.Flat_Positions" name="Verify_Flat_Equity_Positions" time="0.634"/>
  <testcase classname="Subscriptions.Order_Positions_Subscribe" name="Verify_Subscribe_SHORTSELL_Order_Positions" time="35.64"/>
  <testcase classname="Subscriptions.Order_Positions_Subscribe" name="Verify_Subscribe_BUY_Order_Positions" time="0.0">
    <ignored/>
  </testcase> <!-- Verify_Subscribe_BUY_Order_Positions -->
  <testcase classname="Subscriptions.Flat_Positions" name="Verify_Flat_Option_Positions" time="0.0">
    <ignored/>
  </testcase> <!-- Verify_Flat_Option_Positions -->
  <testcase classname="Subscriptions.Order_Positions_Subscribe" name="Verify_Subscribe_SELL_Order_Positions" time="0.0">
    <ignored/>
  </testcase> <!-- Verify_Subscribe_SELL_Order_Positions -->
</testsuite> <!-- Equity ShortSell Order Position Subscriptions -->
