<?xml version="1.0" encoding="UTF-8"?>
<!-- Generated by org.testng.reporters.JUnitXMLReporter -->
<testsuite ignored="2" hostname="Dev-AjmalSyed" failures="0" tests="3" name="Subscribe_Filled_Orders_Validations" time="69.248" errors="0" timestamp="2023-11-29T18:38:33 PKT">
  <testcase classname="IdentityServer_API_User.Login" name="UserLogin" time="3.258"/>
  <testcase classname="Subscriptions_V3.Option_Order_Subscribe" name="Verify_Subscribe_BUYFilledOptionOrder" time="24.195"/>
  <testcase classname="Subscriptions_V3.Option_Order_Subscribe" name="Verify_Subscribe_SELLFilledOptionOrder" time="38.066"/>
  <testcase classname="Subscriptions_V3.Option_Order_Subscribe" name="Verify_SubscribeActiveOptionOrder" time="0.0">
    <ignored/>
  </testcase> <!-- Verify_SubscribeActiveOptionOrder -->
  <testcase classname="Subscriptions_V3.Option_Order_Subscribe" name="Verify_SubscribeRejectedOptionOrder" time="0.0">
    <ignored/>
  </testcase> <!-- Verify_SubscribeRejectedOptionOrder -->
</testsuite> <!-- Subscribe_Filled_Orders_Validations -->
