<?xml version="1.0" encoding="UTF-8"?>
<!-- Generated by org.testng.reporters.JUnitXMLReporter -->
<testsuite ignored="0" hostname="Dev-AjmalSyed" failures="0" tests="9" name="Locates test" time="20.533" errors="0" timestamp="2023-12-21T21:12:59 PKT">
  <testcase classname="IdentityServer_API_User.Login" name="UserLogin" time="3.183"/>
  <testcase classname="LocatesV1.Locates" name="Verify_Post_Locates" time="0.593"/>
  <testcase classname="LocatesV1.Subscribe_Locates" name="Verify_Subscribe_Locates" time="0.845"/>
  <testcase classname="LocatesV1.Locates_Acquire" name="Verify_Locates_Acquire" time="10.613"/>
  <testcase classname="LocatesV1.Summary_Available_Subscribe" name="Verify_Summary_Locate_Subscribe" time="0.667"/>
  <testcase classname="LocatesV1.Summary_Available_UnSubscribe" name="Verify_Summary_Available_UnSubscribe" time="0.576"/>
  <testcase classname="LocatesV1.Summary_Locate_Subscribe" name="Verify_Summary_Locate_Subscribe" time="0.616"/>
  <testcase classname="LocatesV1.Summary_Locate_UnSubscribe" name="Verify_Summary_Locate_UnSubscribe" time="0.584"/>
  <testcase classname="LocatesV1.UnSubscribe_Locates" name="Verify_UnSubscribe_Locates" time="0.575"/>
</testsuite> <!-- Locates test -->
