<?xml version="1.0" encoding="UTF-8"?>
<!-- Generated by org.testng.reporters.JUnitXMLReporter -->
<testsuite ignored="0" hostname="Dev-AjmalSyed" failures="0" tests="3" name="Forgot Password" time="3.687" errors="0" timestamp="2023-12-22T15:30:12 PKT">
  <testcase classname="IdentityServer_API_User.Forgot_Password" name="Verify_Forgot_Password" time="0.603"/>
  <testcase classname="IdentityServer_API_User.Forgot_Password_Verify" name="Forgot_Password_Verification" time="0.624"/>
  <testcase classname="IdentityServer_API_User.Forgot_Password_Confirm" name="Verify_Forgot_Password_Confirm" time="1.981"/>
</testsuite> <!-- Forgot Password -->
