<?xml version="1.0" encoding="UTF-8"?>
<!-- Generated by org.testng.reporters.JUnitXMLReporter -->
<testsuite ignored="0" hostname="Dev-AjmalSyed" failures="0" tests="3" name="Forgot Password APIs" time="3.723" errors="0" timestamp="2023-12-26T15:50:23 PKT">
  <testcase classname="IdentityServer_API_User.Forgot_Password" name="Verify_Forgot_Password" time="0.61"/>
  <testcase classname="IdentityServer_API_User.Forgot_Password_Verify" name="Forgot_Password_Verification" time="0.591"/>
  <testcase classname="IdentityServer_API_User.Forgot_Password_Confirm" name="Verify_Forgot_Password_Confirm" time="2.034"/>
</testsuite> <!-- Forgot Password APIs -->
