<?xml version="1.0" encoding="UTF-8"?>
<!-- Generated by org.testng.reporters.JUnitXMLReporter -->
<testsuite ignored="0" hostname="Dev-AjmalSyed" failures="0" tests="3" name="User Profile Detail" time="7.493" errors="0" timestamp="2023-12-22T15:30:08 PKT">
  <testcase classname="IdentityServer_API_User.UserProfile_Detail" name="Verify_UserProfile_Detail" time="2.209"/>
  <testcase classname="IdentityServer_API_User.UserProfile_Detail" name="Verify_UserProfile_Detail" time="2.252"/>
  <testcase classname="IdentityServer_API_User.UserProfile_Detail" name="Verify_UserProfile_Detail" time="2.185"/>
</testsuite> <!-- User Profile Detail -->
