<?xml version="1.0" encoding="UTF-8"?>
<!-- Generated by org.testng.reporters.JUnitXMLReporter -->
<testsuite ignored="0" hostname="Dev-AjmalSyed" failures="0" tests="3" name="User Profile Detail API" time="7.104" errors="0" timestamp="2023-12-26T15:50:20 PKT">
  <testcase classname="IdentityServer_API_User.UserProfile_Detail" name="Verify_UserProfile_Detail" time="2.103"/>
  <testcase classname="IdentityServer_API_User.UserProfile_Detail" name="Verify_UserProfile_Detail" time="2.202"/>
  <testcase classname="IdentityServer_API_User.UserProfile_Detail" name="Verify_UserProfile_Detail" time="2.103"/>
</testsuite> <!-- User Profile Detail API -->
