<?xml version="1.0" encoding="UTF-8"?>
<!-- Generated by org.testng.reporters.JUnitXMLReporter -->
<testsuite ignored="6" hostname="Dev-AjmalSyed" failures="0" tests="3" name="EquityOrder ShortSell Filled Creation" time="6.307" errors="0" timestamp="2023-12-27T16:58:41 PKT">
  <testcase classname="IdentityServer_API_User.Login" name="UserLogin" time="1.36"/>
  <testcase classname="Orders.Filled_Orders" name="Verify_SHORTSELL_EquityOrder_Filled_Creation" time="0.601"/>
  <testcase classname="Subscriptions.Equity_Order_Subscribe" name="Verify_SubscribeSHORTSELLFilledEquityOrder" time="3.616"/>
  <testcase classname="Orders.Filled_Orders" name="Verify_SELL_Equity_Order_Filled_Creation" time="0.0">
    <ignored/>
  </testcase> <!-- Verify_SELL_Equity_Order_Filled_Creation -->
  <testcase classname="Subscriptions.Equity_Order_Subscribe" name="Verify_SubscribeBUYFilledEquityOrder" time="0.0">
    <ignored/>
  </testcase> <!-- Verify_SubscribeBUYFilledEquityOrder -->
  <testcase classname="Subscriptions.Equity_Order_Subscribe" name="Verify_SubscribeActiveEquityOrder" time="0.0">
    <ignored/>
  </testcase> <!-- Verify_SubscribeActiveEquityOrder -->
  <testcase classname="Subscriptions.Equity_Order_Subscribe" name="Verify_SubscribeRejectedEquityOrder" time="0.0">
    <ignored/>
  </testcase> <!-- Verify_SubscribeRejectedEquityOrder -->
  <testcase classname="Subscriptions.Equity_Order_Subscribe" name="Verify_SubscribeSELLFilledEquityOrder" time="0.0">
    <ignored/>
  </testcase> <!-- Verify_SubscribeSELLFilledEquityOrder -->
  <testcase classname="Orders.Filled_Orders" name="Verify_BUY_Equity_Order_Filled_Creation" time="0.0">
    <ignored/>
  </testcase> <!-- Verify_BUY_Equity_Order_Filled_Creation -->
</testsuite> <!-- EquityOrder ShortSell Filled Creation -->
