<?xml version="1.0" encoding="UTF-8"?>
<!-- Generated by org.testng.reporters.JUnitXMLReporter -->
<testsuite ignored="6" hostname="Dev-AjmalSyed" failures="0" tests="3" name="EquityOrder Sell Filled Creation" time="11.405" errors="0" timestamp="2023-12-27T16:58:35 PKT">
  <testcase classname="IdentityServer_API_User.Login" name="UserLogin" time="1.407"/>
  <testcase classname="Orders.Filled_Orders" name="Verify_SELL_Equity_Order_Filled_Creation" time="1.198"/>
  <testcase classname="Subscriptions.Equity_Order_Subscribe" name="Verify_SubscribeSELLFilledEquityOrder" time="7.624"/>
  <testcase classname="Subscriptions.Equity_Order_Subscribe" name="Verify_SubscribeRejectedEquityOrder" time="0.0">
    <ignored/>
  </testcase> <!-- Verify_SubscribeRejectedEquityOrder -->
  <testcase classname="Subscriptions.Equity_Order_Subscribe" name="Verify_SubscribeSHORTSELLFilledEquityOrder" time="0.0">
    <ignored/>
  </testcase> <!-- Verify_SubscribeSHORTSELLFilledEquityOrder -->
  <testcase classname="Subscriptions.Equity_Order_Subscribe" name="Verify_SubscribeBUYFilledEquityOrder" time="0.0">
    <ignored/>
  </testcase> <!-- Verify_SubscribeBUYFilledEquityOrder -->
  <testcase classname="Orders.Filled_Orders" name="Verify_SHORTSELL_EquityOrder_Filled_Creation" time="0.0">
    <ignored/>
  </testcase> <!-- Verify_SHORTSELL_EquityOrder_Filled_Creation -->
  <testcase classname="Orders.Filled_Orders" name="Verify_BUY_Equity_Order_Filled_Creation" time="0.0">
    <ignored/>
  </testcase> <!-- Verify_BUY_Equity_Order_Filled_Creation -->
  <testcase classname="Subscriptions.Equity_Order_Subscribe" name="Verify_SubscribeActiveEquityOrder" time="0.0">
    <ignored/>
  </testcase> <!-- Verify_SubscribeActiveEquityOrder -->
</testsuite> <!-- EquityOrder Sell Filled Creation -->
