<?xml version="1.0" encoding="UTF-8"?>
<!-- Generated by org.testng.reporters.JUnitXMLReporter -->
<testsuite ignored="5" hostname="Dev-AjmalSyed" failures="0" tests="11" name="EquityOrder Rejected Creation" time="17.991" errors="0" timestamp="2023-12-27T17:56:46 PKT">
  <testcase classname="IdentityServer_API_User.Login" name="UserLogin" time="2.882"/>
  <testcase classname="Orders.Create" name="Verify_Equity_Order_Rejected_Creation" time="0.608"/>
  <testcase classname="Orders.Create" name="Verify_Equity_Order_Rejected_Creation" time="0.605"/>
  <testcase classname="Orders.Create" name="Verify_Equity_Order_Rejected_Creation" time="0.591"/>
  <testcase classname="Orders.Create" name="Verify_Equity_Order_Rejected_Creation" time="0.591"/>
  <testcase classname="Orders.Create" name="Verify_Equity_Order_Rejected_Creation" time="0.59"/>
  <testcase classname="Subscriptions.Equity_Order_Subscribe" name="Verify_SubscribeRejectedEquityOrder" time="2.159"/>
  <testcase classname="Subscriptions.Equity_Order_Subscribe" name="Verify_SubscribeRejectedEquityOrder" time="1.741"/>
  <testcase classname="Subscriptions.Equity_Order_Subscribe" name="Verify_SubscribeRejectedEquityOrder" time="1.489"/>
  <testcase classname="Subscriptions.Equity_Order_Subscribe" name="Verify_SubscribeRejectedEquityOrder" time="1.295"/>
  <testcase classname="Subscriptions.Equity_Order_Subscribe" name="Verify_SubscribeRejectedEquityOrder" time="1.122"/>
  <testcase classname="Orders.Create" name="Verify_Equity_Order_Active_Open_Creation" time="0.0">
    <ignored/>
  </testcase> <!-- Verify_Equity_Order_Active_Open_Creation -->
  <testcase classname="Subscriptions.Equity_Order_Subscribe" name="Verify_SubscribeActiveEquityOrder" time="0.0">
    <ignored/>
  </testcase> <!-- Verify_SubscribeActiveEquityOrder -->
  <testcase classname="Subscriptions.Equity_Order_Subscribe" name="Verify_SubscribeSELLFilledEquityOrder" time="0.0">
    <ignored/>
  </testcase> <!-- Verify_SubscribeSELLFilledEquityOrder -->
  <testcase classname="Subscriptions.Equity_Order_Subscribe" name="Verify_SubscribeSHORTSELLFilledEquityOrder" time="0.0">
    <ignored/>
  </testcase> <!-- Verify_SubscribeSHORTSELLFilledEquityOrder -->
  <testcase classname="Subscriptions.Equity_Order_Subscribe" name="Verify_SubscribeBUYFilledEquityOrder" time="0.0">
    <ignored/>
  </testcase> <!-- Verify_SubscribeBUYFilledEquityOrder -->
</testsuite> <!-- EquityOrder Rejected Creation -->
