<?xml version="1.0" encoding="UTF-8"?>
<!-- Generated by org.testng.reporters.JUnitXMLReporter -->
<testsuite ignored="2" hostname="Dev-AjmalSyed" failures="1" tests="2" name="Subscribe_Subscribe_SHORTSELL_Order_Positions" time="36.562" errors="0" timestamp="2023-11-24T20:47:54 PKT">
  <testcase classname="IdentityServer_API_User.Login" name="UserLogin" time="1.415"/>
  <testcase classname="Subscriptions_V3.Order_Positions_Subscribe" name="Verify_Subscribe_SHORTSELL_Order_Positions" time="34.27">
    <failure type="java.lang.AssertionError" message="Validate_execQty expected [60.0000] but found [-10.0000]">
      <![CDATA[java.lang.AssertionError: Validate_execQty expected [60.0000] but found [-10.0000]
at APIHelper.APIHelperClass.Validate_Positions(APIHelperClass.java:1298)
at Subscriptions_V3.Order_Positions_Subscribe.Verify_Subscribe_SHORTSELL_Order_Positions(Order_Positions_Subscribe.java:890)
at java.base/java.util.ArrayList.forEach(ArrayList.java:1511)
... Removed 32 stack frames]]>
    </failure>
  </testcase> <!-- Verify_Subscribe_SHORTSELL_Order_Positions -->
  <testcase classname="Subscriptions_V3.Order_Positions_Subscribe" name="Verify_Subscribe_BUY_Order_Positions" time="0.0">
    <ignored/>
  </testcase> <!-- Verify_Subscribe_BUY_Order_Positions -->
  <testcase classname="Subscriptions_V3.Order_Positions_Subscribe" name="Verify_Subscribe_SELL_Order_Positions" time="0.0">
    <ignored/>
  </testcase> <!-- Verify_Subscribe_SELL_Order_Positions -->
</testsuite> <!-- Subscribe_Subscribe_SHORTSELL_Order_Positions -->
