<?xml version="1.0" encoding="UTF-8"?>
<!-- Generated by org.testng.reporters.JUnitXMLReporter -->
<testsuite ignored="2" hostname="Dev-AjmalSyed" failures="1" tests="2" name="Subscribe_SELL_Order_Positions_Validations" time="40.843" errors="0" timestamp="2023-11-24T20:47:17 PKT">
  <testcase classname="IdentityServer_API_User.Login" name="UserLogin" time="1.405"/>
  <testcase classname="Subscriptions_V3.Order_Positions_Subscribe" name="Verify_Subscribe_SELL_Order_Positions" time="38.006">
    <failure type="java.lang.AssertionError" message="Validate_RealizePNL expected [-1.0100] but found [-0.9700]">
      <![CDATA[java.lang.AssertionError: Validate_RealizePNL expected [-1.0100] but found [-0.9700]
at APIHelper.APIHelperClass.Validate_Positions(APIHelperClass.java:1303)
at Subscriptions_V3.Order_Positions_Subscribe.Verify_Subscribe_SELL_Order_Positions(Order_Positions_Subscribe.java:643)
at java.base/java.util.ArrayList.forEach(ArrayList.java:1511)
... Removed 32 stack frames]]>
    </failure>
  </testcase> <!-- Verify_Subscribe_SELL_Order_Positions -->
  <testcase classname="Subscriptions_V3.Order_Positions_Subscribe" name="Verify_Subscribe_SHORTSELL_Order_Positions" time="0.0">
    <ignored/>
  </testcase> <!-- Verify_Subscribe_SHORTSELL_Order_Positions -->
  <testcase classname="Subscriptions_V3.Order_Positions_Subscribe" name="Verify_Subscribe_BUY_Order_Positions" time="0.0">
    <ignored/>
  </testcase> <!-- Verify_Subscribe_BUY_Order_Positions -->
</testsuite> <!-- Subscribe_SELL_Order_Positions_Validations -->
