<?xml version="1.0" encoding="UTF-8"?>
<!-- Generated by org.testng.reporters.JUnitXMLReporter -->
<testsuite ignored="2" hostname="Dev-AjmalSyed" failures="0" tests="3" name="OptionOrder Buy Executions Subscriptions" time="34.756" errors="0" timestamp="2023-12-27T20:33:51 PKT">
  <testcase classname="IdentityServer_API_User.Login" name="UserLogin" time="3.061"/>
  <testcase classname="OptionOrders.Filled_OptionOrder" name="Verify_BUY_Order_Creation_Filled" time="0.626"/>
  <testcase classname="Subscriptions.Option_Executions_Subscribe" name="Verify_SubscribeBUY_OptionExecutions" time="28.521"/>
  <testcase classname="Subscriptions.Option_Executions_Subscribe" name="Verify_SubscribeSELL_OptionExecutions" time="0.0">
    <ignored/>
  </testcase> <!-- Verify_SubscribeSELL_OptionExecutions -->
  <testcase classname="OptionOrders.Filled_OptionOrder" name="Verify_SELL_Order_Creation_Filled" time="0.0">
    <ignored/>
  </testcase> <!-- Verify_SELL_Order_Creation_Filled -->
</testsuite> <!-- OptionOrder Buy Executions Subscriptions -->
