<?xml version="1.0" encoding="UTF-8"?>
<!-- Generated by org.testng.reporters.JUnitXMLReporter -->
<testsuite ignored="2" hostname="Dev-AjmalSyed" failures="0" tests="3" name="OptionOrder Sell Executions Subscriptions" time="29.565" errors="0" timestamp="2023-12-27T20:34:21 PKT">
  <testcase classname="IdentityServer_API_User.Login" name="UserLogin" time="1.439"/>
  <testcase classname="OptionOrders.Filled_OptionOrder" name="Verify_SELL_Order_Creation_Filled" time="1.308"/>
  <testcase classname="Subscriptions.Option_Executions_Subscribe" name="Verify_SubscribeSELL_OptionExecutions" time="25.324"/>
  <testcase classname="OptionOrders.Filled_OptionOrder" name="Verify_BUY_Order_Creation_Filled" time="0.0">
    <ignored/>
  </testcase> <!-- Verify_BUY_Order_Creation_Filled -->
  <testcase classname="Subscriptions.Option_Executions_Subscribe" name="Verify_SubscribeBUY_OptionExecutions" time="0.0">
    <ignored/>
  </testcase> <!-- Verify_SubscribeBUY_OptionExecutions -->
</testsuite> <!-- OptionOrder Sell Executions Subscriptions -->
