<?xml version="1.0" encoding="UTF-8"?>
<!-- Generated by org.testng.reporters.JUnitXMLReporter -->
<testsuite ignored="5" hostname="Dev-AjmalSyed" failures="0" tests="3" name="EquityOrder Active-Open Creation" time="6.753" errors="0" timestamp="2023-12-27T16:59:28 PKT">
  <testcase classname="IdentityServer_API_User.Login" name="UserLogin" time="2.892"/>
  <testcase classname="Orders.Create" name="Verify_Equity_Order_Active_Open_Creation" time="0.611"/>
  <testcase classname="Subscriptions.Equity_Order_Subscribe" name="Verify_SubscribeActiveEquityOrder" time="1.149"/>
  <testcase classname="Subscriptions.Equity_Order_Subscribe" name="Verify_SubscribeRejectedEquityOrder" time="0.0">
    <ignored/>
  </testcase> <!-- Verify_SubscribeRejectedEquityOrder -->
  <testcase classname="Subscriptions.Equity_Order_Subscribe" name="Verify_SubscribeSELLFilledEquityOrder" time="0.0">
    <ignored/>
  </testcase> <!-- Verify_SubscribeSELLFilledEquityOrder -->
  <testcase classname="Subscriptions.Equity_Order_Subscribe" name="Verify_SubscribeSHORTSELLFilledEquityOrder" time="0.0">
    <ignored/>
  </testcase> <!-- Verify_SubscribeSHORTSELLFilledEquityOrder -->
  <testcase classname="Subscriptions.Equity_Order_Subscribe" name="Verify_SubscribeBUYFilledEquityOrder" time="0.0">
    <ignored/>
  </testcase> <!-- Verify_SubscribeBUYFilledEquityOrder -->
  <testcase classname="Orders.Create" name="Verify_Equity_Order_Rejected_Creation" time="0.0">
    <ignored/>
  </testcase> <!-- Verify_Equity_Order_Rejected_Creation -->
</testsuite> <!-- EquityOrder Active-Open Creation -->
