<?xml version="1.0" encoding="UTF-8"?>
<!-- Generated by org.testng.reporters.JUnitXMLReporter -->
<testsuite ignored="0" hostname="Dev-AjmalSyed" failures="0" tests="4" name="Update-Delete-Cancel EquityOrder" time="11.221" errors="0" timestamp="2023-12-27T16:59:39 PKT">
  <testcase classname="IdentityServer_API_User.Login" name="UserLogin" time="1.377"/>
  <testcase classname="Orders.Update" name="Verify_Update_Equity_Order" time="2.906"/>
  <testcase classname="Orders.Cancel" name="Verify_Cancel_Equity_Order" time="2.918"/>
  <testcase classname="Orders.Delete" name="Verify_Delete_Equity_Order" time="2.864"/>
</testsuite> <!-- Update-Delete-Cancel EquityOrder -->
