<?xml version="1.0" encoding="UTF-8"?>
<!-- Generated by org.testng.reporters.JUnitXMLReporter -->
<testsuite ignored="0" hostname="Dev-AjmalSyed" failures="0" tests="5" name="Equity MarketData Bulk Subscribe" time="5.422" errors="0" timestamp="2024-01-04T19:24:53 PKT">
  <testcase classname="IdentityServer_API_User.Login" name="UserLogin" time="1.417"/>
  <testcase classname="MarketData_L1.Subscribe_Bulk" name="Verify_Subscribe_Bulk_Equity_MarketData" time="0.929"/>
  <testcase classname="MarketData_L1.Subscribe_Bulk" name="Verify_Subscribe_Bulk_Equity_MarketData" time="0.827"/>
  <testcase classname="MarketData_L1.Subscribe_Bulk" name="Verify_Subscribe_Bulk_Equity_MarketData" time="0.832"/>
  <testcase classname="MarketData_L1.Subscribe_Bulk" name="Verify_Subscribe_Bulk_Equity_MarketData" time="0.816"/>
</testsuite> <!-- Equity MarketData Bulk Subscribe -->
