<?xml version="1.0" encoding="UTF-8"?>
<!-- Generated by org.testng.reporters.JUnitXMLReporter -->
<testsuite ignored="0" hostname="Dev-AjmalSyed" failures="0" tests="9" name="Equity MarketData Individual Subscriptions" time="11.331" errors="0" timestamp="2024-01-04T19:33:44 PKT">
  <testcase classname="IdentityServer_API_User.Login" name="UserLogin" time="3.04"/>
  <testcase classname="MarketData_L1.Subscribe_MarketData" name="Verify_Subscribe_Equity_MarketData" time="0.86"/>
  <testcase classname="MarketData_L1.Subscribe_MarketData" name="Verify_Subscribe_Equity_MarketData" time="0.781"/>
  <testcase classname="MarketData_L1.Subscribe_MarketData" name="Verify_Subscribe_Equity_MarketData" time="0.884"/>
  <testcase classname="MarketData_L1.Subscribe_MarketData" name="Verify_Subscribe_Equity_MarketData" time="0.775"/>
  <testcase classname="MarketData_L1.UnSubscribe" name="Verify_UnSubscribe_Equity_MarketData" time="0.61"/>
  <testcase classname="MarketData_L1.UnSubscribe" name="Verify_UnSubscribe_Equity_MarketData" time="0.608"/>
  <testcase classname="MarketData_L1.UnSubscribe" name="Verify_UnSubscribe_Equity_MarketData" time="0.608"/>
  <testcase classname="MarketData_L1.UnSubscribe" name="Verify_UnSubscribe_Equity_MarketData" time="0.602"/>
</testsuite> <!-- Equity MarketData Individual Subscriptions -->
