<?xml version="1.0" encoding="UTF-8"?>
<!-- Generated by org.testng.reporters.JUnitXMLReporter -->
<testsuite ignored="0" hostname="Dev-AjmalSyed" failures="0" tests="8" name="Equity MarketData Bulk UnSubscribe" time="7.406" errors="0" timestamp="2024-01-04T19:25:00 PKT">
  <testcase classname="IdentityServer_API_User.Login" name="UserLogin" time="1.394"/>
  <testcase classname="MarketData_L1.Subscribe_Bulk" name="Verify_Subscribe_Bulk_Equity_MarketData" time="0.861"/>
  <testcase classname="MarketData_L1.Subscribe_Bulk" name="Verify_Subscribe_Bulk_Equity_MarketData" time="0.81"/>
  <testcase classname="MarketData_L1.Subscribe_Bulk" name="Verify_Subscribe_Bulk_Equity_MarketData" time="0.814"/>
  <testcase classname="MarketData_L1.Subscribe_Bulk" name="Verify_Subscribe_Bulk_Equity_MarketData" time="0.906"/>
  <testcase classname="MarketData_L1.UnSubscribe_Bulk" name="Verify_UnSubscribe_Bulk_Equity_MarketData" time="0.592"/>
  <testcase classname="MarketData_L1.UnSubscribe_Bulk" name="Verify_UnSubscribe_Bulk_Equity_MarketData" time="0.598"/>
  <testcase classname="MarketData_L1.UnSubscribe_Bulk" name="Verify_UnSubscribe_Bulk_Equity_MarketData" time="0.601"/>
</testsuite> <!-- Equity MarketData Bulk UnSubscribe -->
