<?xml version="1.0" encoding="UTF-8"?>
<!-- Generated by org.testng.reporters.JUnitXMLReporter -->
<testsuite ignored="0" hostname="Dev-AjmalSyed" failures="0" tests="5" name="Equity MarketData Individual Subscribe" time="8.323" errors="0" timestamp="2024-01-04T19:24:38 PKT">
  <testcase classname="IdentityServer_API_User.Login" name="UserLogin" time="3.061"/>
  <testcase classname="MarketData_L1.Subscribe_MarketData" name="Verify_Subscribe_Equity_MarketData" time="0.908"/>
  <testcase classname="MarketData_L1.Subscribe_MarketData" name="Verify_Subscribe_Equity_MarketData" time="0.77"/>
  <testcase classname="MarketData_L1.Subscribe_MarketData" name="Verify_Subscribe_Equity_MarketData" time="0.797"/>
  <testcase classname="MarketData_L1.Subscribe_MarketData" name="Verify_Subscribe_Equity_MarketData" time="0.795"/>
</testsuite> <!-- Equity MarketData Individual Subscribe -->
