<?xml version="1.0" encoding="UTF-8"?>
<!-- Generated by org.testng.reporters.JUnitXMLReporter -->
<testsuite ignored="0" hostname="Dev-AjmalSyed" failures="0" tests="8" name="Equity MarketData Bulk Subscription" time="7.652" errors="0" timestamp="2024-01-04T18:59:52 PKT">
  <testcase classname="IdentityServer_API_User.Login" name="UserLogin" time="1.442"/>
  <testcase classname="MarketData_L1.Subscribe_Bulk" name="Verify_Subscribe_Bulk_Equity_MarketData" time="0.906"/>
  <testcase classname="MarketData_L1.Subscribe_Bulk" name="Verify_Subscribe_Bulk_Equity_MarketData" time="0.919"/>
  <testcase classname="MarketData_L1.Subscribe_Bulk" name="Verify_Subscribe_Bulk_Equity_MarketData" time="0.832"/>
  <testcase classname="MarketData_L1.Subscribe_Bulk" name="Verify_Subscribe_Bulk_Equity_MarketData" time="0.841"/>
  <testcase classname="MarketData_L1.UnSubscribe_Bulk" name="Verify_UnSubscribe_Bulk_Equity_MarketData" time="0.598"/>
  <testcase classname="MarketData_L1.UnSubscribe_Bulk" name="Verify_UnSubscribe_Bulk_Equity_MarketData" time="0.59"/>
  <testcase classname="MarketData_L1.UnSubscribe_Bulk" name="Verify_UnSubscribe_Bulk_Equity_MarketData" time="0.6"/>
</testsuite> <!-- Equity MarketData Bulk Subscription -->
