<?xml version="1.0" encoding="UTF-8"?>
<!-- Generated by org.testng.reporters.JUnitXMLReporter -->
<testsuite ignored="0" hostname="Dev-AjmalSyed" failures="0" tests="8" name="Equity MarketData Bulk Subscriptions" time="7.597" errors="0" timestamp="2024-01-04T19:33:51 PKT">
  <testcase classname="IdentityServer_API_User.Login" name="UserLogin" time="1.409"/>
  <testcase classname="MarketData_L1.Subscribe_Bulk" name="Verify_Subscribe_Bulk_Equity_MarketData" time="0.923"/>
  <testcase classname="MarketData_L1.Subscribe_Bulk" name="Verify_Subscribe_Bulk_Equity_MarketData" time="0.827"/>
  <testcase classname="MarketData_L1.Subscribe_Bulk" name="Verify_Subscribe_Bulk_Equity_MarketData" time="0.833"/>
  <testcase classname="MarketData_L1.Subscribe_Bulk" name="Verify_Subscribe_Bulk_Equity_MarketData" time="0.841"/>
  <testcase classname="MarketData_L1.UnSubscribe_Bulk" name="Verify_UnSubscribe_Bulk_Equity_MarketData" time="0.606"/>
  <testcase classname="MarketData_L1.UnSubscribe_Bulk" name="Verify_UnSubscribe_Bulk_Equity_MarketData" time="0.602"/>
  <testcase classname="MarketData_L1.UnSubscribe_Bulk" name="Verify_UnSubscribe_Bulk_Equity_MarketData" time="0.59"/>
</testsuite> <!-- Equity MarketData Bulk Subscriptions -->
