<?xml version="1.0" encoding="UTF-8"?>
<!-- Generated by org.testng.reporters.JUnitXMLReporter -->
<testsuite ignored="0" hostname="Dev-AjmalSyed" failures="0" tests="9" name="Equity MarketData Individual UnSubscribe" time="9.09" errors="0" timestamp="2024-01-04T19:24:47 PKT">
  <testcase classname="IdentityServer_API_User.Login" name="UserLogin" time="2.571"/>
  <testcase classname="MarketData_L1.Subscribe_MarketData" name="Verify_Subscribe_Equity_MarketData" time="0.764"/>
  <testcase classname="MarketData_L1.Subscribe_MarketData" name="Verify_Subscribe_Equity_MarketData" time="0.753"/>
  <testcase classname="MarketData_L1.Subscribe_MarketData" name="Verify_Subscribe_Equity_MarketData" time="0.754"/>
  <testcase classname="MarketData_L1.Subscribe_MarketData" name="Verify_Subscribe_Equity_MarketData" time="0.761"/>
  <testcase classname="MarketData_L1.UnSubscribe" name="Verify_UnSubscribe_Equity_MarketData" time="0.618"/>
  <testcase classname="MarketData_L1.UnSubscribe" name="Verify_UnSubscribe_Equity_MarketData" time="0.594"/>
  <testcase classname="MarketData_L1.UnSubscribe" name="Verify_UnSubscribe_Equity_MarketData" time="0.594"/>
  <testcase classname="MarketData_L1.UnSubscribe" name="Verify_UnSubscribe_Equity_MarketData" time="0.619"/>
</testsuite> <!-- Equity MarketData Individual UnSubscribe -->
