<?xml version="1.0" encoding="UTF-8"?>
<!-- Generated by org.testng.reporters.JUnitXMLReporter -->
<testsuite ignored="0" hostname="Dev-AjmalSyed" failures="0" tests="9" name="Equity MarketData Subscription" time="10.719" errors="0" timestamp="2024-01-04T18:59:44 PKT">
  <testcase classname="IdentityServer_API_User.Login" name="UserLogin" time="2.796"/>
  <testcase classname="MarketData_L1.Subscribe_MarketData" name="Verify_Subscribe_Equity_MarketData" time="0.841"/>
  <testcase classname="MarketData_L1.Subscribe_MarketData" name="Verify_Subscribe_Equity_MarketData" time="0.778"/>
  <testcase classname="MarketData_L1.Subscribe_MarketData" name="Verify_Subscribe_Equity_MarketData" time="0.773"/>
  <testcase classname="MarketData_L1.Subscribe_MarketData" name="Verify_Subscribe_Equity_MarketData" time="0.76"/>
  <testcase classname="MarketData_L1.UnSubscribe" name="Verify_UnSubscribe_Equity_MarketData" time="0.599"/>
  <testcase classname="MarketData_L1.UnSubscribe" name="Verify_UnSubscribe_Equity_MarketData" time="0.601"/>
  <testcase classname="MarketData_L1.UnSubscribe" name="Verify_UnSubscribe_Equity_MarketData" time="0.598"/>
  <testcase classname="MarketData_L1.UnSubscribe" name="Verify_UnSubscribe_Equity_MarketData" time="0.599"/>
</testsuite> <!-- Equity MarketData Subscription -->
