<?xml version="1.0" encoding="UTF-8"?>
<!-- Generated by org.testng.reporters.JUnitXMLReporter -->
<testsuite ignored="0" hostname="Dev-AjmalSyed" failures="0" tests="9" name="Historicaldata Snapshot" time="8.15" errors="0" timestamp="2024-01-04T19:34:06 PKT">
  <testcase classname="IdentityServer_API_User.Login" name="UserLogin" time="1.363"/>
  <testcase classname="MarketData_L1.Historicaldata_Snapshot" name="Verify_Historicaldata_Snapshot_MarketData" time="0.731"/>
  <testcase classname="MarketData_L1.Historicaldata_Snapshot" name="Verify_Historicaldata_Snapshot_MarketData" time="0.748"/>
  <testcase classname="MarketData_L1.Historicaldata_Snapshot" name="Verify_Historicaldata_Snapshot_MarketData" time="0.736"/>
  <testcase classname="MarketData_L1.Historicaldata_Snapshot" name="Verify_Historicaldata_Snapshot_MarketData" time="0.778"/>
  <testcase classname="MarketData_L1.Historicaldata_Snapshot" name="Verify_Historicaldata_Snapshot_MarketData" time="0.748"/>
  <testcase classname="MarketData_L1.Historicaldata_Snapshot" name="Verify_Historicaldata_Snapshot_MarketData" time="0.733"/>
  <testcase classname="MarketData_L1.Historicaldata_Snapshot" name="Verify_Historicaldata_Snapshot_MarketData" time="0.722"/>
  <testcase classname="MarketData_L1.Historicaldata_Snapshot" name="Verify_Historicaldata_Snapshot_MarketData" time="0.744"/>
</testsuite> <!-- Historicaldata Snapshot -->
