<?xml version="1.0" encoding="UTF-8"?>
<!-- Generated by org.testng.reporters.JUnitXMLReporter -->
<testsuite ignored="0" hostname="Dev-AjmalSyed" failures="0" tests="8" name="MarketData Company Information" time="6.955" errors="0" timestamp="2024-01-04T19:33:58 PKT">
  <testcase classname="IdentityServer_API_User.Login" name="UserLogin" time="1.431"/>
  <testcase classname="MarketData_L1.CompanyInformation" name="Verify_CompanyInformation_MarketData" time="0.652"/>
  <testcase classname="MarketData_L1.CompanyInformation" name="Verify_CompanyInformation_MarketData" time="0.656"/>
  <testcase classname="MarketData_L1.CompanyInformation" name="Verify_CompanyInformation_MarketData" time="0.653"/>
  <testcase classname="MarketData_L1.CompanyInformation" name="Verify_CompanyInformation_MarketData" time="0.658"/>
  <testcase classname="MarketData_L1.CompanyInformation" name="Verify_CompanyInformation_MarketData" time="0.651"/>
  <testcase classname="MarketData_L1.CompanyInformation" name="Verify_CompanyInformation_MarketData" time="0.653"/>
  <testcase classname="MarketData_L1.CompanyInformation" name="Verify_CompanyInformation_MarketData" time="0.65"/>
</testsuite> <!-- MarketData Company Information -->
